# JRE version: OpenJDK Runtime Environment Temurin-21.0.8+9 (21.0.8+9) (build 21.0.8+9-LTS)
# Java VM: OpenJDK 64-Bit Server VM Temurin-21.0.8+9 (21.0.8+9-LTS, mixed mode, sharing, tiered, compressed oops, compressed class ptrs, parallel gc, windows-amd64)
GC Precious Log:
 CardTable entry size: 512
 CPUs: 8 total, 8 available
 Memory: 30597M
 Large Page Support: Disabled
 NUMA Support: Disabled
 Compressed Oops: Enabled (Zero based)
 Alignments: Space 512K, Generation 512K, Heap 2M
 Heap Min Capacity: 100M
 Heap Initial Capacity: 100M
 Heap Max Capacity: 4G
 Pre-touch: Disabled
 Parallel Workers: 8
Heap:
 PSYoungGen      total 11264K, used 10820K [0x00000007aab00000, 0x00000007abc80000, 0x0000000800000000)
  eden space 7168K, 100% used [0x00000007aab00000,0x00000007ab200000,0x00000007ab200000)
  from space 4096K, 89% used [0x00000007ab880000,0x00000007abc11208,0x00000007abc80000)
  to   space 4608K, 0% used [0x00000007ab380000,0x00000007ab380000,0x00000007ab800000)
 ParOldGen       total 2795008K, used 2794950K [0x0000000700000000, 0x00000007aa980000, 0x00000007aab00000)
  object space 2795008K, 99% used [0x0000000700000000,0x00000007aa9718d8,0x00000007aa980000)
 Metaspace       used 100848K, committed 102656K, reserved 1179648K
  class space    used 9588K, committed 10560K, reserved 1048576K
GC Heap History (20 events):
Event: 8637.820 GC heap after
{Heap after GC invocations=12289 (full 12):
 PSYoungGen      total 8192K, used 448K [0x00000007aab00000, 0x00000007ab400000, 0x0000000800000000)
  eden space 7168K, 0% used [0x00000007aab00000,0x00000007aab00000,0x00000007ab200000)
  from space 1024K, 43% used [0x00000007ab200000,0x00000007ab270000,0x00000007ab300000)
  to   space 512K, 0% used [0x00000007ab380000,0x00000007ab380000,0x00000007ab400000)
 ParOldGen       total 2779136K, used 2778679K [0x0000000700000000, 0x00000007a9a00000, 0x00000007aab00000)
  object space 2779136K, 99% used [0x0000000700000000,0x00000007a998de50,0x00000007a9a00000)
 Metaspace       used 100842K, committed 102592K, reserved 1179648K
  class space    used 9588K, committed 10560K, reserved 1048576K
}
Event: 8638.281 GC heap before
{Heap before GC invocations=12290 (full 12):
 PSYoungGen      total 8192K, used 7616K [0x00000007aab00000, 0x00000007ab400000, 0x0000000800000000)
  eden space 7168K, 100% used [0x00000007aab00000,0x00000007ab200000,0x00000007ab200000)
  from space 1024K, 43% used [0x00000007ab200000,0x00000007ab270000,0x00000007ab300000)
  to   space 512K, 0% used [0x00000007ab380000,0x00000007ab380000,0x00000007ab400000)
 ParOldGen       total 2779136K, used 2778679K [0x0000000700000000, 0x00000007a9a00000, 0x00000007aab00000)
  object space 2779136K, 99% used [0x0000000700000000,0x00000007a998de50,0x00000007a9a00000)
 Metaspace       used 100842K, committed 102592K, reserved 1179648K
  class space    used 9588K, committed 10560K, reserved 1048576K
}
Event: 8638.286 GC heap after
{Heap after GC invocations=12290 (full 12):
 PSYoungGen      total 7680K, used 320K [0x00000007aab00000, 0x00000007ab400000, 0x0000000800000000)
  eden space 7168K, 0% used [0x00000007aab00000,0x00000007aab00000,0x00000007ab200000)
  from space 512K, 62% used [0x00000007ab380000,0x00000007ab3d0000,0x00000007ab400000)
  to   space 512K, 0% used [0x00000007ab300000,0x00000007ab300000,0x00000007ab380000)
 ParOldGen       total 2779136K, used 2778703K [0x0000000700000000, 0x00000007a9a00000, 0x00000007aab00000)
  object space 2779136K, 99% used [0x0000000700000000,0x00000007a9993e50,0x00000007a9a00000)
 Metaspace       used 100842K, committed 102592K, reserved 1179648K
  class space    used 9588K, committed 10560K, reserved 1048576K
}
Event: 8638.680 GC heap before
{Heap before GC invocations=12291 (full 12):
 PSYoungGen      total 7680K, used 7488K [0x00000007aab00000, 0x00000007ab400000, 0x0000000800000000)
  eden space 7168K, 100% used [0x00000007aab00000,0x00000007ab200000,0x00000007ab200000)
  from space 512K, 62% used [0x00000007ab380000,0x00000007ab3d0000,0x00000007ab400000)
  to   space 512K, 0% used [0x00000007ab300000,0x00000007ab300000,0x00000007ab380000)
 ParOldGen       total 2779136K, used 2778703K [0x0000000700000000, 0x00000007a9a00000, 0x00000007aab00000)
  object space 2779136K, 99% used [0x0000000700000000,0x00000007a9993e50,0x00000007a9a00000)
 Metaspace       used 100842K, committed 102592K, reserved 1179648K
  class space    used 9588K, committed 10560K, reserved 1048576K
}
Event: 8638.687 GC heap after
{Heap after GC invocations=12291 (full 12):
 PSYoungGen      total 7680K, used 512K [0x00000007aab00000, 0x00000007ab600000, 0x0000000800000000)
  eden space 7168K, 0% used [0x00000007aab00000,0x00000007aab00000,0x00000007ab200000)
  from space 512K, 100% used [0x00000007ab300000,0x00000007ab380000,0x00000007ab380000)
  to   space 2048K, 0% used [0x00000007ab400000,0x00000007ab400000,0x00000007ab600000)
 ParOldGen       total 2779648K, used 2779621K [0x0000000700000000, 0x00000007a9a80000, 0x00000007aab00000)
  object space 2779648K, 99% used [0x0000000700000000,0x00000007a9a79418,0x00000007a9a80000)
 Metaspace       used 100842K, committed 102592K, reserved 1179648K
  class space    used 9588K, committed 10560K, reserved 1048576K
}
Event: 8638.702 GC heap before
{Heap before GC invocations=12292 (full 12):
 PSYoungGen      total 7680K, used 7669K [0x00000007aab00000, 0x00000007ab600000, 0x0000000800000000)
  eden space 7168K, 99% used [0x00000007aab00000,0x00000007ab1fd448,0x00000007ab200000)
  from space 512K, 100% used [0x00000007ab300000,0x00000007ab380000,0x00000007ab380000)
  to   space 2048K, 0% used [0x00000007ab400000,0x00000007ab400000,0x00000007ab600000)
 ParOldGen       total 2779648K, used 2779621K [0x0000000700000000, 0x00000007a9a80000, 0x00000007aab00000)
  object space 2779648K, 99% used [0x0000000700000000,0x00000007a9a79418,0x00000007a9a80000)
 Metaspace       used 100842K, committed 102592K, reserved 1179648K
  class space    used 9588K, committed 10560K, reserved 1048576K
}
Event: 8638.708 GC heap after
{Heap after GC invocations=12292 (full 12):
 PSYoungGen      total 7680K, used 496K [0x00000007aab00000, 0x00000007ab480000, 0x0000000800000000)
  eden space 7168K, 0% used [0x00000007aab00000,0x00000007aab00000,0x00000007ab200000)
  from space 512K, 96% used [0x00000007ab400000,0x00000007ab47c010,0x00000007ab480000)
  to   space 1024K, 0% used [0x00000007ab280000,0x00000007ab280000,0x00000007ab380000)
 ParOldGen       total 2780160K, used 2780104K [0x0000000700000000, 0x00000007a9b00000, 0x00000007aab00000)
  object space 2780160K, 99% used [0x0000000700000000,0x00000007a9af21e8,0x00000007a9b00000)
 Metaspace       used 100842K, committed 102592K, reserved 1179648K
  class space    used 9588K, committed 10560K, reserved 1048576K
}
Event: 8639.184 GC heap before
{Heap before GC invocations=12293 (full 12):
 PSYoungGen      total 7680K, used 7664K [0x00000007aab00000, 0x00000007ab480000, 0x0000000800000000)
  eden space 7168K, 100% used [0x00000007aab00000,0x00000007ab200000,0x00000007ab200000)
  from space 512K, 96% used [0x00000007ab400000,0x00000007ab47c010,0x00000007ab480000)
  to   space 1024K, 0% used [0x00000007ab280000,0x00000007ab280000,0x00000007ab380000)
 ParOldGen       total 2780160K, used 2780104K [0x0000000700000000, 0x00000007a9b00000, 0x00000007aab00000)
  object space 2780160K, 99% used [0x0000000700000000,0x00000007a9af21e8,0x00000007a9b00000)
 Metaspace       used 100842K, committed 102592K, reserved 1179648K
  class space    used 9588K, committed 10560K, reserved 1048576K
}
Event: 8639.189 GC heap after
{Heap after GC invocations=12293 (full 12):
 PSYoungGen      total 8192K, used 664K [0x00000007aab00000, 0x00000007ab480000, 0x0000000800000000)
  eden space 7168K, 0% used [0x00000007aab00000,0x00000007aab00000,0x00000007ab200000)
  from space 1024K, 64% used [0x00000007ab280000,0x00000007ab3260e8,0x00000007ab380000)
  to   space 1024K, 0% used [0x00000007ab380000,0x00000007ab380000,0x00000007ab480000)
 ParOldGen       total 2780160K, used 2780144K [0x0000000700000000, 0x00000007a9b00000, 0x00000007aab00000)
  object space 2780160K, 99% used [0x0000000700000000,0x00000007a9afc1e8,0x00000007a9b00000)
 Metaspace       used 100842K, committed 102592K, reserved 1179648K
  class space    used 9588K, committed 10560K, reserved 1048576K
}
Event: 8639.237 GC heap before
{Heap before GC invocations=12294 (full 12):
 PSYoungGen      total 8192K, used 7832K [0x00000007aab00000, 0x00000007ab480000, 0x0000000800000000)
  eden space 7168K, 100% used [0x00000007aab00000,0x00000007ab200000,0x00000007ab200000)
  from space 1024K, 64% used [0x00000007ab280000,0x00000007ab3260e8,0x00000007ab380000)
  to   space 1024K, 0% used [0x00000007ab380000,0x00000007ab380000,0x00000007ab480000)
 ParOldGen       total 2780160K, used 2780144K [0x0000000700000000, 0x00000007a9b00000, 0x00000007aab00000)
  object space 2780160K, 99% used [0x0000000700000000,0x00000007a9afc1e8,0x00000007a9b00000)
 Metaspace       used 100848K, committed 102656K, reserved 1179648K
  class space    used 9588K, committed 10560K, reserved 1048576K
}
Event: 8639.244 GC heap after
{Heap after GC invocations=12294 (full 12):
 PSYoungGen      total 7680K, used 128K [0x00000007aab00000, 0x00000007ab400000, 0x0000000800000000)
  eden space 7168K, 0% used [0x00000007aab00000,0x00000007aab00000,0x00000007ab200000)
  from space 512K, 25% used [0x00000007ab380000,0x00000007ab3a0000,0x00000007ab400000)
  to   space 512K, 0% used [0x00000007ab300000,0x00000007ab300000,0x00000007ab380000)
 ParOldGen       total 2780672K, used 2780184K [0x0000000700000000, 0x00000007a9b80000, 0x00000007aab00000)
  object space 2780672K, 99% used [0x0000000700000000,0x00000007a9b061e8,0x00000007a9b80000)
 Metaspace       used 100848K, committed 102656K, reserved 1179648K
  class space    used 9588K, committed 10560K, reserved 1048576K
}
Event: 8639.266 GC heap before
{Heap before GC invocations=12295 (full 12):
 PSYoungGen      total 7680K, used 7296K [0x00000007aab00000, 0x00000007ab400000, 0x0000000800000000)
  eden space 7168K, 100% used [0x00000007aab00000,0x00000007ab200000,0x00000007ab200000)
  from space 512K, 25% used [0x00000007ab380000,0x00000007ab3a0000,0x00000007ab400000)
  to   space 512K, 0% used [0x00000007ab300000,0x00000007ab300000,0x00000007ab380000)
 ParOldGen       total 2780672K, used 2780184K [0x0000000700000000, 0x00000007a9b80000, 0x00000007aab00000)
  object space 2780672K, 99% used [0x0000000700000000,0x00000007a9b061e8,0x00000007a9b80000)
 Metaspace       used 100848K, committed 102656K, reserved 1179648K
  class space    used 9588K, committed 10560K, reserved 1048576K
}
Event: 8639.274 GC heap after
{Heap after GC invocations=12295 (full 12):
 PSYoungGen      total 7680K, used 509K [0x00000007aab00000, 0x00000007ac100000, 0x0000000800000000)
  eden space 7168K, 0% used [0x00000007aab00000,0x00000007aab00000,0x00000007ab200000)
  from space 512K, 99% used [0x00000007ab300000,0x00000007ab37f620,0x00000007ab380000)
  to   space 7680K, 0% used [0x00000007ab980000,0x00000007ab980000,0x00000007ac100000)
 ParOldGen       total 2786304K, used 2786143K [0x0000000700000000, 0x00000007aa100000, 0x00000007aab00000)
  object space 2786304K, 99% used [0x0000000700000000,0x00000007aa0d7cd8,0x00000007aa100000)
 Metaspace       used 100848K, committed 102656K, reserved 1179648K
  class space    used 9588K, committed 10560K, reserved 1048576K
}
Event: 8639.312 GC heap before
{Heap before GC invocations=12296 (full 12):
 PSYoungGen      total 7680K, used 7677K [0x00000007aab00000, 0x00000007ac100000, 0x0000000800000000)
  eden space 7168K, 100% used [0x00000007aab00000,0x00000007ab200000,0x00000007ab200000)
  from space 512K, 99% used [0x00000007ab300000,0x00000007ab37f620,0x00000007ab380000)
  to   space 7680K, 0% used [0x00000007ab980000,0x00000007ab980000,0x00000007ac100000)
 ParOldGen       total 2786304K, used 2786143K [0x0000000700000000, 0x00000007aa100000, 0x00000007aab00000)
  object space 2786304K, 99% used [0x0000000700000000,0x00000007aa0d7cd8,0x00000007aa100000)
 Metaspace       used 100848K, committed 102656K, reserved 1179648K
  class space    used 9588K, committed 10560K, reserved 1048576K
}
Event: 8639.319 GC heap after
{Heap after GC invocations=12296 (full 12):
 PSYoungGen      total 11264K, used 3813K [0x00000007aab00000, 0x00000007abd80000, 0x0000000800000000)
  eden space 7168K, 0% used [0x00000007aab00000,0x00000007aab00000,0x00000007ab200000)
  from space 4096K, 93% used [0x00000007ab980000,0x00000007abd396c0,0x00000007abd80000)
  to   space 5120K, 0% used [0x00000007ab380000,0x00000007ab380000,0x00000007ab880000)
 ParOldGen       total 2786304K, used 2786271K [0x0000000700000000, 0x00000007aa100000, 0x00000007aab00000)
  object space 2786304K, 99% used [0x0000000700000000,0x00000007aa0f7ce8,0x00000007aa100000)
 Metaspace       used 100848K, committed 102656K, reserved 1179648K
  class space    used 9588K, committed 10560K, reserved 1048576K
}
Event: 8639.350 GC heap before
{Heap before GC invocations=12297 (full 12):
 PSYoungGen      total 11264K, used 10981K [0x00000007aab00000, 0x00000007abd80000, 0x0000000800000000)
  eden space 7168K, 100% used [0x00000007aab00000,0x00000007ab200000,0x00000007ab200000)
  from space 4096K, 93% used [0x00000007ab980000,0x00000007abd396c0,0x00000007abd80000)
  to   space 5120K, 0% used [0x00000007ab380000,0x00000007ab380000,0x00000007ab880000)
 ParOldGen       total 2786304K, used 2786271K [0x0000000700000000, 0x00000007aa100000, 0x00000007aab00000)
  object space 2786304K, 99% used [0x0000000700000000,0x00000007aa0f7ce8,0x00000007aa100000)
 Metaspace       used 100848K, committed 102656K, reserved 1179648K
  class space    used 9588K, committed 10560K, reserved 1048576K
}
Event: 8639.358 GC heap after
{Heap after GC invocations=12297 (full 12):
 PSYoungGen      total 12288K, used 5008K [0x00000007aab00000, 0x00000007abd00000, 0x0000000800000000)
  eden space 7168K, 0% used [0x00000007aab00000,0x00000007aab00000,0x00000007ab200000)
  from space 5120K, 97% used [0x00000007ab380000,0x00000007ab864040,0x00000007ab880000)
  to   space 4608K, 0% used [0x00000007ab880000,0x00000007ab880000,0x00000007abd00000)
 ParOldGen       total 2790400K, used 2789988K [0x0000000700000000, 0x00000007aa500000, 0x00000007aab00000)
  object space 2790400K, 99% used [0x0000000700000000,0x00000007aa4993a8,0x00000007aa500000)
 Metaspace       used 100848K, committed 102656K, reserved 1179648K
  class space    used 9588K, committed 10560K, reserved 1048576K
}
Event: 8639.376 GC heap before
{Heap before GC invocations=12298 (full 12):
 PSYoungGen      total 12288K, used 12176K [0x00000007aab00000, 0x00000007abd00000, 0x0000000800000000)
  eden space 7168K, 100% used [0x00000007aab00000,0x00000007ab200000,0x00000007ab200000)
  from space 5120K, 97% used [0x00000007ab380000,0x00000007ab864040,0x00000007ab880000)
  to   space 4608K, 0% used [0x00000007ab880000,0x00000007ab880000,0x00000007abd00000)
 ParOldGen       total 2790400K, used 2789988K [0x0000000700000000, 0x00000007aa500000, 0x00000007aab00000)
  object space 2790400K, 99% used [0x0000000700000000,0x00000007aa4993a8,0x00000007aa500000)
 Metaspace       used 100848K, committed 102656K, reserved 1179648K
  class space    used 9588K, committed 10560K, reserved 1048576K
}
Event: 8639.384 GC heap after
{Heap after GC invocations=12298 (full 12):
 PSYoungGen      total 11264K, used 3652K [0x00000007aab00000, 0x00000007abc80000, 0x0000000800000000)
  eden space 7168K, 0% used [0x00000007aab00000,0x00000007aab00000,0x00000007ab200000)
  from space 4096K, 89% used [0x00000007ab880000,0x00000007abc11208,0x00000007abc80000)
  to   space 4608K, 0% used [0x00000007ab380000,0x00000007ab380000,0x00000007ab800000)
 ParOldGen       total 2795008K, used 2794950K [0x0000000700000000, 0x00000007aa980000, 0x00000007aab00000)
  object space 2795008K, 99% used [0x0000000700000000,0x00000007aa9718d8,0x00000007aa980000)
 Metaspace       used 100848K, committed 102656K, reserved 1179648K
  class space    used 9588K, committed 10560K, reserved 1048576K
}
Event: 8639.871 GC heap before
{Heap before GC invocations=12299 (full 13):
 PSYoungGen      total 11264K, used 10820K [0x00000007aab00000, 0x00000007abc80000, 0x0000000800000000)
  eden space 7168K, 100% used [0x00000007aab00000,0x00000007ab200000,0x00000007ab200000)
  from space 4096K, 89% used [0x00000007ab880000,0x00000007abc11208,0x00000007abc80000)
  to   space 4608K, 0% used [0x00000007ab380000,0x00000007ab380000,0x00000007ab800000)
 ParOldGen       total 2795008K, used 2794950K [0x0000000700000000, 0x00000007aa980000, 0x00000007aab00000)
  object space 2795008K, 99% used [0x0000000700000000,0x00000007aa9718d8,0x00000007aa980000)
 Metaspace       used 100848K, committed 102656K, reserved 1179648K
  class space    used 9588K, committed 10560K, reserved 1048576K
}

