# JRE version: OpenJDK Runtime Environment Temurin-21.0.7+6 (21.0.7+6) (build 21.0.7+6-LTS)
# Java VM: OpenJDK 64-Bit Server VM Temurin-21.0.7+6 (21.0.7+6-LTS, mixed mode, sharing, tiered, compressed oops, compressed class ptrs, parallel gc, windows-amd64)
GC Precious Log:
 CardTable entry size: 512
 CPUs: 8 total, 8 available
 Memory: 30597M
 Large Page Support: Disabled
 NUMA Support: Disabled
 Compressed Oops: Enabled (32-bit)
 Alignments: Space 512K, Generation 512K, Heap 2M
 Heap Min Capacity: 100M
 Heap Initial Capacity: 100M
 Heap Max Capacity: 2G
 Pre-touch: Disabled
 Parallel Workers: 8
Heap:
 PSYoungGen      total 11264K, used 11235K [0x00000000d5580000, 0x00000000d6880000, 0x0000000100000000)
  eden space 9216K, 100% used [0x00000000d5580000,0x00000000d5e80000,0x00000000d5e80000)
  from space 2048K, 98% used [0x00000000d5f00000,0x00000000d60f8ee8,0x00000000d6100000)
  to   space 5120K, 0% used [0x00000000d6380000,0x00000000d6380000,0x00000000d6880000)
 ParOldGen       total 1398272K, used 1397842K [0x0000000080000000, 0x00000000d5580000, 0x00000000d5580000)
  object space 1398272K, 99% used [0x0000000080000000,0x00000000d55148d0,0x00000000d5580000)
 Metaspace       used 104779K, committed 106752K, reserved 1179648K
  class space    used 9996K, committed 11008K, reserved 1048576K
GC Heap History (20 events):
Event: 3368.039 GC heap after
{Heap after GC invocations=22744 (full 29):
 PSYoungGen      total 8704K, used 3546K [0x00000000d5580000, 0x00000000d6300000, 0x0000000100000000)
  eden space 5120K, 0% used [0x00000000d5580000,0x00000000d5580000,0x00000000d5a80000)
  from space 3584K, 98% used [0x00000000d5f80000,0x00000000d62f6a30,0x00000000d6300000)
  to   space 4096K, 0% used [0x00000000d5b00000,0x00000000d5b00000,0x00000000d5f00000)
 ParOldGen       total 1374208K, used 1374066K [0x0000000080000000, 0x00000000d3e00000, 0x00000000d5580000)
  object space 1374208K, 99% used [0x0000000080000000,0x00000000d3ddc9d0,0x00000000d3e00000)
 Metaspace       used 104774K, committed 106752K, reserved 1179648K
  class space    used 9996K, committed 11008K, reserved 1048576K
}
Event: 3368.065 GC heap before
{Heap before GC invocations=22745 (full 29):
 PSYoungGen      total 8704K, used 8601K [0x00000000d5580000, 0x00000000d6300000, 0x0000000100000000)
  eden space 5120K, 98% used [0x00000000d5580000,0x00000000d5a6fbe0,0x00000000d5a80000)
  from space 3584K, 98% used [0x00000000d5f80000,0x00000000d62f6a30,0x00000000d6300000)
  to   space 4096K, 0% used [0x00000000d5b00000,0x00000000d5b00000,0x00000000d5f00000)
 ParOldGen       total 1374208K, used 1374066K [0x0000000080000000, 0x00000000d3e00000, 0x00000000d5580000)
  object space 1374208K, 99% used [0x0000000080000000,0x00000000d3ddc9d0,0x00000000d3e00000)
 Metaspace       used 104774K, committed 106752K, reserved 1179648K
  class space    used 9996K, committed 11008K, reserved 1048576K
}
Event: 3368.070 GC heap after
{Heap after GC invocations=22745 (full 29):
 PSYoungGen      total 9728K, used 4087K [0x00000000d5580000, 0x00000000d6c80000, 0x0000000100000000)
  eden space 5632K, 0% used [0x00000000d5580000,0x00000000d5580000,0x00000000d5b00000)
  from space 4096K, 99% used [0x00000000d5b00000,0x00000000d5efde10,0x00000000d5f00000)
  to   space 8704K, 0% used [0x00000000d6400000,0x00000000d6400000,0x00000000d6c80000)
 ParOldGen       total 1377792K, used 1377717K [0x0000000080000000, 0x00000000d4180000, 0x00000000d5580000)
  object space 1377792K, 99% used [0x0000000080000000,0x00000000d416d400,0x00000000d4180000)
 Metaspace       used 104774K, committed 106752K, reserved 1179648K
  class space    used 9996K, committed 11008K, reserved 1048576K
}
Event: 3368.083 GC heap before
{Heap before GC invocations=22746 (full 29):
 PSYoungGen      total 9728K, used 9719K [0x00000000d5580000, 0x00000000d6c80000, 0x0000000100000000)
  eden space 5632K, 100% used [0x00000000d5580000,0x00000000d5b00000,0x00000000d5b00000)
  from space 4096K, 99% used [0x00000000d5b00000,0x00000000d5efde10,0x00000000d5f00000)
  to   space 8704K, 0% used [0x00000000d6400000,0x00000000d6400000,0x00000000d6c80000)
 ParOldGen       total 1377792K, used 1377717K [0x0000000080000000, 0x00000000d4180000, 0x00000000d5580000)
  object space 1377792K, 99% used [0x0000000080000000,0x00000000d416d400,0x00000000d4180000)
 Metaspace       used 104774K, committed 106752K, reserved 1179648K
  class space    used 9996K, committed 11008K, reserved 1048576K
}
Event: 3368.087 GC heap after
{Heap after GC invocations=22746 (full 29):
 PSYoungGen      total 9728K, used 2543K [0x00000000d5580000, 0x00000000d6680000, 0x0000000100000000)
  eden space 7168K, 0% used [0x00000000d5580000,0x00000000d5580000,0x00000000d5c80000)
  from space 2560K, 99% used [0x00000000d6400000,0x00000000d667bfc8,0x00000000d6680000)
  to   space 4608K, 0% used [0x00000000d5d80000,0x00000000d5d80000,0x00000000d6200000)
 ParOldGen       total 1381888K, used 1381821K [0x0000000080000000, 0x00000000d4580000, 0x00000000d5580000)
  object space 1381888K, 99% used [0x0000000080000000,0x00000000d456f400,0x00000000d4580000)
 Metaspace       used 104774K, committed 106752K, reserved 1179648K
  class space    used 9996K, committed 11008K, reserved 1048576K
}
Event: 3368.098 GC heap before
{Heap before GC invocations=22747 (full 29):
 PSYoungGen      total 9728K, used 9711K [0x00000000d5580000, 0x00000000d6680000, 0x0000000100000000)
  eden space 7168K, 100% used [0x00000000d5580000,0x00000000d5c80000,0x00000000d5c80000)
  from space 2560K, 99% used [0x00000000d6400000,0x00000000d667bfc8,0x00000000d6680000)
  to   space 4608K, 0% used [0x00000000d5d80000,0x00000000d5d80000,0x00000000d6200000)
 ParOldGen       total 1381888K, used 1381821K [0x0000000080000000, 0x00000000d4580000, 0x00000000d5580000)
  object space 1381888K, 99% used [0x0000000080000000,0x00000000d456f400,0x00000000d4580000)
 Metaspace       used 104774K, committed 106752K, reserved 1179648K
  class space    used 9996K, committed 11008K, reserved 1048576K
}
Event: 3368.102 GC heap after
{Heap after GC invocations=22747 (full 29):
 PSYoungGen      total 11264K, used 2915K [0x00000000d5580000, 0x00000000d6500000, 0x0000000100000000)
  eden space 8192K, 0% used [0x00000000d5580000,0x00000000d5580000,0x00000000d5d80000)
  from space 3072K, 94% used [0x00000000d5d80000,0x00000000d6058d30,0x00000000d6080000)
  to   space 3584K, 0% used [0x00000000d6180000,0x00000000d6180000,0x00000000d6500000)
 ParOldGen       total 1384960K, used 1384481K [0x0000000080000000, 0x00000000d4880000, 0x00000000d5580000)
  object space 1384960K, 99% used [0x0000000080000000,0x00000000d4808430,0x00000000d4880000)
 Metaspace       used 104774K, committed 106752K, reserved 1179648K
  class space    used 9996K, committed 11008K, reserved 1048576K
}
Event: 3368.110 GC heap before
{Heap before GC invocations=22748 (full 29):
 PSYoungGen      total 11264K, used 11107K [0x00000000d5580000, 0x00000000d6500000, 0x0000000100000000)
  eden space 8192K, 100% used [0x00000000d5580000,0x00000000d5d80000,0x00000000d5d80000)
  from space 3072K, 94% used [0x00000000d5d80000,0x00000000d6058d30,0x00000000d6080000)
  to   space 3584K, 0% used [0x00000000d6180000,0x00000000d6180000,0x00000000d6500000)
 ParOldGen       total 1384960K, used 1384481K [0x0000000080000000, 0x00000000d4880000, 0x00000000d5580000)
  object space 1384960K, 99% used [0x0000000080000000,0x00000000d4808430,0x00000000d4880000)
 Metaspace       used 104774K, committed 106752K, reserved 1179648K
  class space    used 9996K, committed 11008K, reserved 1048576K
}
Event: 3368.114 GC heap after
{Heap after GC invocations=22748 (full 29):
 PSYoungGen      total 12800K, used 2048K [0x00000000d5580000, 0x00000000d6480000, 0x0000000100000000)
  eden space 9728K, 0% used [0x00000000d5580000,0x00000000d5580000,0x00000000d5f00000)
  from space 3072K, 66% used [0x00000000d6180000,0x00000000d6380000,0x00000000d6480000)
  to   space 2560K, 0% used [0x00000000d5f00000,0x00000000d5f00000,0x00000000d6180000)
 ParOldGen       total 1387520K, used 1387097K [0x0000000080000000, 0x00000000d4b00000, 0x00000000d5580000)
  object space 1387520K, 99% used [0x0000000080000000,0x00000000d4a96670,0x00000000d4b00000)
 Metaspace       used 104774K, committed 106752K, reserved 1179648K
  class space    used 9996K, committed 11008K, reserved 1048576K
}
Event: 3368.215 GC heap before
{Heap before GC invocations=22749 (full 29):
 PSYoungGen      total 12800K, used 11776K [0x00000000d5580000, 0x00000000d6480000, 0x0000000100000000)
  eden space 9728K, 100% used [0x00000000d5580000,0x00000000d5f00000,0x00000000d5f00000)
  from space 3072K, 66% used [0x00000000d6180000,0x00000000d6380000,0x00000000d6480000)
  to   space 2560K, 0% used [0x00000000d5f00000,0x00000000d5f00000,0x00000000d6180000)
 ParOldGen       total 1387520K, used 1387097K [0x0000000080000000, 0x00000000d4b00000, 0x00000000d5580000)
  object space 1387520K, 99% used [0x0000000080000000,0x00000000d4a96670,0x00000000d4b00000)
 Metaspace       used 104774K, committed 106752K, reserved 1179648K
  class space    used 9996K, committed 11008K, reserved 1048576K
}
Event: 3368.219 GC heap after
{Heap after GC invocations=22749 (full 29):
 PSYoungGen      total 12288K, used 2080K [0x00000000d5580000, 0x00000000d6600000, 0x0000000100000000)
  eden space 9728K, 0% used [0x00000000d5580000,0x00000000d5580000,0x00000000d5f00000)
  from space 2560K, 81% used [0x00000000d5f00000,0x00000000d6108000,0x00000000d6180000)
  to   space 2560K, 0% used [0x00000000d6380000,0x00000000d6380000,0x00000000d6600000)
 ParOldGen       total 1389056K, used 1388963K [0x0000000080000000, 0x00000000d4c80000, 0x00000000d5580000)
  object space 1389056K, 99% used [0x0000000080000000,0x00000000d4c68e88,0x00000000d4c80000)
 Metaspace       used 104774K, committed 106752K, reserved 1179648K
  class space    used 9996K, committed 11008K, reserved 1048576K
}
Event: 3368.278 GC heap before
{Heap before GC invocations=22750 (full 29):
 PSYoungGen      total 12288K, used 11808K [0x00000000d5580000, 0x00000000d6600000, 0x0000000100000000)
  eden space 9728K, 100% used [0x00000000d5580000,0x00000000d5f00000,0x00000000d5f00000)
  from space 2560K, 81% used [0x00000000d5f00000,0x00000000d6108000,0x00000000d6180000)
  to   space 2560K, 0% used [0x00000000d6380000,0x00000000d6380000,0x00000000d6600000)
 ParOldGen       total 1389056K, used 1388963K [0x0000000080000000, 0x00000000d4c80000, 0x00000000d5580000)
  object space 1389056K, 99% used [0x0000000080000000,0x00000000d4c68e88,0x00000000d4c80000)
 Metaspace       used 104779K, committed 106752K, reserved 1179648K
  class space    used 9996K, committed 11008K, reserved 1048576K
}
Event: 3368.283 GC heap after
{Heap after GC invocations=22750 (full 29):
 PSYoungGen      total 11776K, used 2557K [0x00000000d5580000, 0x00000000d6900000, 0x0000000100000000)
  eden space 9216K, 0% used [0x00000000d5580000,0x00000000d5580000,0x00000000d5e80000)
  from space 2560K, 99% used [0x00000000d6380000,0x00000000d65ff608,0x00000000d6600000)
  to   space 5120K, 0% used [0x00000000d5e80000,0x00000000d5e80000,0x00000000d6380000)
 ParOldGen       total 1391104K, used 1390904K [0x0000000080000000, 0x00000000d4e80000, 0x00000000d5580000)
  object space 1391104K, 99% used [0x0000000080000000,0x00000000d4e4e340,0x00000000d4e80000)
 Metaspace       used 104779K, committed 106752K, reserved 1179648K
  class space    used 9996K, committed 11008K, reserved 1048576K
}
Event: 3368.316 GC heap before
{Heap before GC invocations=22751 (full 29):
 PSYoungGen      total 11776K, used 11773K [0x00000000d5580000, 0x00000000d6900000, 0x0000000100000000)
  eden space 9216K, 100% used [0x00000000d5580000,0x00000000d5e80000,0x00000000d5e80000)
  from space 2560K, 99% used [0x00000000d6380000,0x00000000d65ff608,0x00000000d6600000)
  to   space 5120K, 0% used [0x00000000d5e80000,0x00000000d5e80000,0x00000000d6380000)
 ParOldGen       total 1391104K, used 1390904K [0x0000000080000000, 0x00000000d4e80000, 0x00000000d5580000)
  object space 1391104K, 99% used [0x0000000080000000,0x00000000d4e4e340,0x00000000d4e80000)
 Metaspace       used 104779K, committed 106752K, reserved 1179648K
  class space    used 9996K, committed 11008K, reserved 1048576K
}
Event: 3368.321 GC heap after
{Heap after GC invocations=22751 (full 29):
 PSYoungGen      total 11776K, used 2176K [0x00000000d5580000, 0x00000000d6480000, 0x0000000100000000)
  eden space 9216K, 0% used [0x00000000d5580000,0x00000000d5580000,0x00000000d5e80000)
  from space 2560K, 85% used [0x00000000d5e80000,0x00000000d60a0020,0x00000000d6100000)
  to   space 3072K, 0% used [0x00000000d6180000,0x00000000d6180000,0x00000000d6480000)
 ParOldGen       total 1393664K, used 1393419K [0x0000000080000000, 0x00000000d5100000, 0x00000000d5580000)
  object space 1393664K, 99% used [0x0000000080000000,0x00000000d50c2f58,0x00000000d5100000)
 Metaspace       used 104779K, committed 106752K, reserved 1179648K
  class space    used 9996K, committed 11008K, reserved 1048576K
}
Event: 3368.650 GC heap before
{Heap before GC invocations=22752 (full 29):
 PSYoungGen      total 11776K, used 11392K [0x00000000d5580000, 0x00000000d6480000, 0x0000000100000000)
  eden space 9216K, 100% used [0x00000000d5580000,0x00000000d5e80000,0x00000000d5e80000)
  from space 2560K, 85% used [0x00000000d5e80000,0x00000000d60a0020,0x00000000d6100000)
  to   space 3072K, 0% used [0x00000000d6180000,0x00000000d6180000,0x00000000d6480000)
 ParOldGen       total 1393664K, used 1393419K [0x0000000080000000, 0x00000000d5100000, 0x00000000d5580000)
  object space 1393664K, 99% used [0x0000000080000000,0x00000000d50c2f58,0x00000000d5100000)
 Metaspace       used 104779K, committed 106752K, reserved 1179648K
  class space    used 9996K, committed 11008K, reserved 1048576K
}
Event: 3368.659 GC heap after
{Heap after GC invocations=22752 (full 29):
 PSYoungGen      total 10752K, used 1341K [0x00000000d5580000, 0x00000000d6300000, 0x0000000100000000)
  eden space 9216K, 0% used [0x00000000d5580000,0x00000000d5580000,0x00000000d5e80000)
  from space 1536K, 87% used [0x00000000d6180000,0x00000000d62cf5e8,0x00000000d6300000)
  to   space 2048K, 0% used [0x00000000d5f00000,0x00000000d5f00000,0x00000000d6100000)
 ParOldGen       total 1395712K, used 1395371K [0x0000000080000000, 0x00000000d5300000, 0x00000000d5580000)
  object space 1395712K, 99% used [0x0000000080000000,0x00000000d52aaf88,0x00000000d5300000)
 Metaspace       used 104779K, committed 106752K, reserved 1179648K
  class space    used 9996K, committed 11008K, reserved 1048576K
}
Event: 3368.686 GC heap before
{Heap before GC invocations=22753 (full 29):
 PSYoungGen      total 10752K, used 10557K [0x00000000d5580000, 0x00000000d6300000, 0x0000000100000000)
  eden space 9216K, 100% used [0x00000000d5580000,0x00000000d5e80000,0x00000000d5e80000)
  from space 1536K, 87% used [0x00000000d6180000,0x00000000d62cf5e8,0x00000000d6300000)
  to   space 2048K, 0% used [0x00000000d5f00000,0x00000000d5f00000,0x00000000d6100000)
 ParOldGen       total 1395712K, used 1395371K [0x0000000080000000, 0x00000000d5300000, 0x00000000d5580000)
  object space 1395712K, 99% used [0x0000000080000000,0x00000000d52aaf88,0x00000000d5300000)
 Metaspace       used 104779K, committed 106752K, reserved 1179648K
  class space    used 9996K, committed 11008K, reserved 1048576K
}
Event: 3368.691 GC heap after
{Heap after GC invocations=22753 (full 29):
 PSYoungGen      total 11264K, used 2019K [0x00000000d5580000, 0x00000000d6880000, 0x0000000100000000)
  eden space 9216K, 0% used [0x00000000d5580000,0x00000000d5580000,0x00000000d5e80000)
  from space 2048K, 98% used [0x00000000d5f00000,0x00000000d60f8ee8,0x00000000d6100000)
  to   space 5120K, 0% used [0x00000000d6380000,0x00000000d6380000,0x00000000d6880000)
 ParOldGen       total 1398272K, used 1397842K [0x0000000080000000, 0x00000000d5580000, 0x00000000d5580000)
  object space 1398272K, 99% used [0x0000000080000000,0x00000000d55148d0,0x00000000d5580000)
 Metaspace       used 104779K, committed 106752K, reserved 1179648K
  class space    used 9996K, committed 11008K, reserved 1048576K
}
Event: 3369.066 GC heap before
{Heap before GC invocations=22754 (full 30):
 PSYoungGen      total 11264K, used 11235K [0x00000000d5580000, 0x00000000d6880000, 0x0000000100000000)
  eden space 9216K, 100% used [0x00000000d5580000,0x00000000d5e80000,0x00000000d5e80000)
  from space 2048K, 98% used [0x00000000d5f00000,0x00000000d60f8ee8,0x00000000d6100000)
  to   space 5120K, 0% used [0x00000000d6380000,0x00000000d6380000,0x00000000d6880000)
 ParOldGen       total 1398272K, used 1397842K [0x0000000080000000, 0x00000000d5580000, 0x00000000d5580000)
  object space 1398272K, 99% used [0x0000000080000000,0x00000000d55148d0,0x00000000d5580000)
 Metaspace       used 104779K, committed 106752K, reserved 1179648K
  class space    used 9996K, committed 11008K, reserved 1048576K
}

