# JRE version: OpenJDK Runtime Environment Temurin-21.0.9+10 (21.0.9+10) (build 21.0.9+10-LTS)
# Java VM: OpenJDK 64-Bit Server VM Temurin-21.0.9+10 (21.0.9+10-LTS, mixed mode, sharing, tiered, compressed oops, compressed class ptrs, parallel gc, windows-amd64)
GC Precious Log:
 CardTable entry size: 512
 CPUs: 8 total, 8 available
 Memory: 30597M
 Large Page Support: Disabled
 NUMA Support: Disabled
 Compressed Oops: Enabled (Zero based)
 Alignments: Space 512K, Generation 512K, Heap 2M
 Heap Min Capacity: 100M
 Heap Initial Capacity: 100M
 Heap Max Capacity: 4G
 Pre-touch: Disabled
 Parallel Workers: 8
Heap:
 PSYoungGen      total 1536K, used 1120K [0x00000007aab00000, 0x00000007aaf80000, 0x0000000800000000)
  eden space 512K, 100% used [0x00000007aab00000,0x00000007aab80000,0x00000007aab80000)
  from space 1024K, 59% used [0x00000007aab80000,0x00000007aac18000,0x00000007aac80000)
  to   space 1536K, 0% used [0x00000007aae00000,0x00000007aae00000,0x00000007aaf80000)
 ParOldGen       total 1356288K, used 766221K [0x0000000700000000, 0x0000000752c80000, 0x00000007aab00000)
  object space 1356288K, 56% used [0x0000000700000000,0x000000072ec43730,0x0000000752c80000)
 Metaspace       used 97230K, committed 98880K, reserved 1179648K
  class space    used 9714K, committed 10496K, reserved 1048576K
GC Heap History (20 events):
Event: 84942.307 GC heap before
{Heap before GC invocations=5101 (full 7):
 PSYoungGen      total 3072K, used 2720K [0x00000007aab00000, 0x00000007aaf00000, 0x0000000800000000)
  eden space 2048K, 100% used [0x00000007aab00000,0x00000007aad00000,0x00000007aad00000)
  from space 1024K, 65% used [0x00000007aad00000,0x00000007aada8000,0x00000007aae00000)
  to   space 1024K, 0% used [0x00000007aae00000,0x00000007aae00000,0x00000007aaf00000)
 ParOldGen       total 1356288K, used 757322K [0x0000000700000000, 0x0000000752c80000, 0x00000007aab00000)
  object space 1356288K, 55% used [0x0000000700000000,0x000000072e392928,0x0000000752c80000)
 Metaspace       used 97222K, committed 98880K, reserved 1179648K
  class space    used 9714K, committed 10496K, reserved 1048576K
}
Event: 84942.313 GC heap after
{Heap after GC invocations=5101 (full 7):
 PSYoungGen      total 3072K, used 576K [0x00000007aab00000, 0x00000007aaf00000, 0x0000000800000000)
  eden space 2048K, 0% used [0x00000007aab00000,0x00000007aab00000,0x00000007aad00000)
  from space 1024K, 56% used [0x00000007aae00000,0x00000007aae90000,0x00000007aaf00000)
  to   space 1024K, 0% used [0x00000007aad00000,0x00000007aad00000,0x00000007aae00000)
 ParOldGen       total 1356288K, used 757842K [0x0000000700000000, 0x0000000752c80000, 0x00000007aab00000)
  object space 1356288K, 55% used [0x0000000700000000,0x000000072e414948,0x0000000752c80000)
 Metaspace       used 97222K, committed 98880K, reserved 1179648K
  class space    used 9714K, committed 10496K, reserved 1048576K
}
Event: 84942.363 GC heap before
{Heap before GC invocations=5102 (full 7):
 PSYoungGen      total 3072K, used 2623K [0x00000007aab00000, 0x00000007aaf00000, 0x0000000800000000)
  eden space 2048K, 99% used [0x00000007aab00000,0x00000007aacfffe0,0x00000007aad00000)
  from space 1024K, 56% used [0x00000007aae00000,0x00000007aae90000,0x00000007aaf00000)
  to   space 1024K, 0% used [0x00000007aad00000,0x00000007aad00000,0x00000007aae00000)
 ParOldGen       total 1356288K, used 757842K [0x0000000700000000, 0x0000000752c80000, 0x00000007aab00000)
  object space 1356288K, 55% used [0x0000000700000000,0x000000072e414948,0x0000000752c80000)
 Metaspace       used 97225K, committed 98880K, reserved 1179648K
  class space    used 9714K, committed 10496K, reserved 1048576K
}
Event: 84942.396 GC heap after
{Heap after GC invocations=5102 (full 7):
 PSYoungGen      total 3072K, used 256K [0x00000007aab00000, 0x00000007aae80000, 0x0000000800000000)
  eden space 2048K, 0% used [0x00000007aab00000,0x00000007aab00000,0x00000007aad00000)
  from space 1024K, 25% used [0x00000007aad00000,0x00000007aad40000,0x00000007aae00000)
  to   space 512K, 0% used [0x00000007aae00000,0x00000007aae00000,0x00000007aae80000)
 ParOldGen       total 1356288K, used 758286K [0x0000000700000000, 0x0000000752c80000, 0x00000007aab00000)
  object space 1356288K, 55% used [0x0000000700000000,0x000000072e483848,0x0000000752c80000)
 Metaspace       used 97225K, committed 98880K, reserved 1179648K
  class space    used 9714K, committed 10496K, reserved 1048576K
}
Event: 84942.520 GC heap before
{Heap before GC invocations=5103 (full 7):
 PSYoungGen      total 3072K, used 2304K [0x00000007aab00000, 0x00000007aae80000, 0x0000000800000000)
  eden space 2048K, 100% used [0x00000007aab00000,0x00000007aad00000,0x00000007aad00000)
  from space 1024K, 25% used [0x00000007aad00000,0x00000007aad40000,0x00000007aae00000)
  to   space 512K, 0% used [0x00000007aae00000,0x00000007aae00000,0x00000007aae80000)
 ParOldGen       total 1356288K, used 758286K [0x0000000700000000, 0x0000000752c80000, 0x00000007aab00000)
  object space 1356288K, 55% used [0x0000000700000000,0x000000072e483848,0x0000000752c80000)
 Metaspace       used 97230K, committed 98880K, reserved 1179648K
  class space    used 9714K, committed 10496K, reserved 1048576K
}
Event: 84942.528 GC heap after
{Heap after GC invocations=5103 (full 7):
 PSYoungGen      total 2560K, used 496K [0x00000007aab00000, 0x00000007aaf00000, 0x0000000800000000)
  eden space 2048K, 0% used [0x00000007aab00000,0x00000007aab00000,0x00000007aad00000)
  from space 512K, 96% used [0x00000007aae00000,0x00000007aae7c050,0x00000007aae80000)
  to   space 1024K, 0% used [0x00000007aad00000,0x00000007aad00000,0x00000007aae00000)
 ParOldGen       total 1356288K, used 758358K [0x0000000700000000, 0x0000000752c80000, 0x00000007aab00000)
  object space 1356288K, 55% used [0x0000000700000000,0x000000072e495848,0x0000000752c80000)
 Metaspace       used 97230K, committed 98880K, reserved 1179648K
  class space    used 9714K, committed 10496K, reserved 1048576K
}
Event: 84942.548 GC heap before
{Heap before GC invocations=5104 (full 7):
 PSYoungGen      total 2560K, used 2521K [0x00000007aab00000, 0x00000007aaf00000, 0x0000000800000000)
  eden space 2048K, 98% used [0x00000007aab00000,0x00000007aacfa3b0,0x00000007aad00000)
  from space 512K, 96% used [0x00000007aae00000,0x00000007aae7c050,0x00000007aae80000)
  to   space 1024K, 0% used [0x00000007aad00000,0x00000007aad00000,0x00000007aae00000)
 ParOldGen       total 1356288K, used 758358K [0x0000000700000000, 0x0000000752c80000, 0x00000007aab00000)
  object space 1356288K, 55% used [0x0000000700000000,0x000000072e495848,0x0000000752c80000)
 Metaspace       used 97230K, committed 98880K, reserved 1179648K
  class space    used 9714K, committed 10496K, reserved 1048576K
}
Event: 84942.554 GC heap after
{Heap after GC invocations=5104 (full 7):
 PSYoungGen      total 3072K, used 1018K [0x00000007aab00000, 0x00000007ab200000, 0x0000000800000000)
  eden space 2048K, 0% used [0x00000007aab00000,0x00000007aab00000,0x00000007aad00000)
  from space 1024K, 99% used [0x00000007aad00000,0x00000007aadfeb08,0x00000007aae00000)
  to   space 2560K, 0% used [0x00000007aaf80000,0x00000007aaf80000,0x00000007ab200000)
 ParOldGen       total 1356288K, used 759276K [0x0000000700000000, 0x0000000752c80000, 0x00000007aab00000)
  object space 1356288K, 55% used [0x0000000700000000,0x000000072e57b330,0x0000000752c80000)
 Metaspace       used 97230K, committed 98880K, reserved 1179648K
  class space    used 9714K, committed 10496K, reserved 1048576K
}
Event: 84942.593 GC heap before
{Heap before GC invocations=5105 (full 7):
 PSYoungGen      total 3072K, used 3049K [0x00000007aab00000, 0x00000007ab200000, 0x0000000800000000)
  eden space 2048K, 99% used [0x00000007aab00000,0x00000007aacfb9f8,0x00000007aad00000)
  from space 1024K, 99% used [0x00000007aad00000,0x00000007aadfeb08,0x00000007aae00000)
  to   space 2560K, 0% used [0x00000007aaf80000,0x00000007aaf80000,0x00000007ab200000)
 ParOldGen       total 1356288K, used 759276K [0x0000000700000000, 0x0000000752c80000, 0x00000007aab00000)
  object space 1356288K, 55% used [0x0000000700000000,0x000000072e57b330,0x0000000752c80000)
 Metaspace       used 97230K, committed 98880K, reserved 1179648K
  class space    used 9714K, committed 10496K, reserved 1048576K
}
Event: 84942.600 GC heap after
{Heap after GC invocations=5105 (full 7):
 PSYoungGen      total 3584K, used 1444K [0x00000007aab00000, 0x00000007ab100000, 0x0000000800000000)
  eden space 2048K, 0% used [0x00000007aab00000,0x00000007aab00000,0x00000007aad00000)
  from space 1536K, 94% used [0x00000007aaf80000,0x00000007ab0e9238,0x00000007ab100000)
  to   space 2048K, 0% used [0x00000007aad00000,0x00000007aad00000,0x00000007aaf00000)
 ParOldGen       total 1356288K, used 760295K [0x0000000700000000, 0x0000000752c80000, 0x00000007aab00000)
  object space 1356288K, 56% used [0x0000000700000000,0x000000072e679d90,0x0000000752c80000)
 Metaspace       used 97230K, committed 98880K, reserved 1179648K
  class space    used 9714K, committed 10496K, reserved 1048576K
}
Event: 84942.634 GC heap before
{Heap before GC invocations=5106 (full 7):
 PSYoungGen      total 3584K, used 3158K [0x00000007aab00000, 0x00000007ab100000, 0x0000000800000000)
  eden space 2048K, 83% used [0x00000007aab00000,0x00000007aacac6f0,0x00000007aad00000)
  from space 1536K, 94% used [0x00000007aaf80000,0x00000007ab0e9238,0x00000007ab100000)
  to   space 2048K, 0% used [0x00000007aad00000,0x00000007aad00000,0x00000007aaf00000)
 ParOldGen       total 1356288K, used 760295K [0x0000000700000000, 0x0000000752c80000, 0x00000007aab00000)
  object space 1356288K, 56% used [0x0000000700000000,0x000000072e679d90,0x0000000752c80000)
 Metaspace       used 97230K, committed 98880K, reserved 1179648K
  class space    used 9714K, committed 10496K, reserved 1048576K
}
Event: 84942.643 GC heap after
{Heap after GC invocations=5106 (full 7):
 PSYoungGen      total 3072K, used 766K [0x00000007aab00000, 0x00000007ab000000, 0x0000000800000000)
  eden space 2048K, 0% used [0x00000007aab00000,0x00000007aab00000,0x00000007aad00000)
  from space 1024K, 74% used [0x00000007aad00000,0x00000007aadbfa10,0x00000007aae00000)
  to   space 1536K, 0% used [0x00000007aae80000,0x00000007aae80000,0x00000007ab000000)
 ParOldGen       total 1356288K, used 761571K [0x0000000700000000, 0x0000000752c80000, 0x00000007aab00000)
  object space 1356288K, 56% used [0x0000000700000000,0x000000072e7b8e00,0x0000000752c80000)
 Metaspace       used 97230K, committed 98880K, reserved 1179648K
  class space    used 9714K, committed 10496K, reserved 1048576K
}
Event: 84942.673 GC heap before
{Heap before GC invocations=5107 (full 7):
 PSYoungGen      total 3072K, used 2814K [0x00000007aab00000, 0x00000007ab000000, 0x0000000800000000)
  eden space 2048K, 100% used [0x00000007aab00000,0x00000007aad00000,0x00000007aad00000)
  from space 1024K, 74% used [0x00000007aad00000,0x00000007aadbfa10,0x00000007aae00000)
  to   space 1536K, 0% used [0x00000007aae80000,0x00000007aae80000,0x00000007ab000000)
 ParOldGen       total 1356288K, used 761571K [0x0000000700000000, 0x0000000752c80000, 0x00000007aab00000)
  object space 1356288K, 56% used [0x0000000700000000,0x000000072e7b8e00,0x0000000752c80000)
 Metaspace       used 97230K, committed 98880K, reserved 1179648K
  class space    used 9714K, committed 10496K, reserved 1048576K
}
Event: 84942.687 GC heap after
{Heap after GC invocations=5107 (full 7):
 PSYoungGen      total 3584K, used 1214K [0x00000007aab00000, 0x00000007ab080000, 0x0000000800000000)
  eden space 2048K, 0% used [0x00000007aab00000,0x00000007aab00000,0x00000007aad00000)
  from space 1536K, 79% used [0x00000007aae80000,0x00000007aafaf9f0,0x00000007ab000000)
  to   space 1536K, 0% used [0x00000007aad00000,0x00000007aad00000,0x00000007aae80000)
 ParOldGen       total 1356288K, used 762234K [0x0000000700000000, 0x0000000752c80000, 0x00000007aab00000)
  object space 1356288K, 56% used [0x0000000700000000,0x000000072e85e840,0x0000000752c80000)
 Metaspace       used 97230K, committed 98880K, reserved 1179648K
  class space    used 9714K, committed 10496K, reserved 1048576K
}
Event: 84942.709 GC heap before
{Heap before GC invocations=5108 (full 7):
 PSYoungGen      total 3584K, used 3262K [0x00000007aab00000, 0x00000007ab080000, 0x0000000800000000)
  eden space 2048K, 100% used [0x00000007aab00000,0x00000007aad00000,0x00000007aad00000)
  from space 1536K, 79% used [0x00000007aae80000,0x00000007aafaf9f0,0x00000007ab000000)
  to   space 1536K, 0% used [0x00000007aad00000,0x00000007aad00000,0x00000007aae80000)
 ParOldGen       total 1356288K, used 762234K [0x0000000700000000, 0x0000000752c80000, 0x00000007aab00000)
  object space 1356288K, 56% used [0x0000000700000000,0x000000072e85e840,0x0000000752c80000)
 Metaspace       used 97230K, committed 98880K, reserved 1179648K
  class space    used 9714K, committed 10496K, reserved 1048576K
}
Event: 84942.716 GC heap after
{Heap after GC invocations=5108 (full 7):
 PSYoungGen      total 3584K, used 1216K [0x00000007aab00000, 0x00000007ab080000, 0x0000000800000000)
  eden space 2048K, 0% used [0x00000007aab00000,0x00000007aab00000,0x00000007aad00000)
  from space 1536K, 79% used [0x00000007aad00000,0x00000007aae30000,0x00000007aae80000)
  to   space 1536K, 0% used [0x00000007aaf00000,0x00000007aaf00000,0x00000007ab080000)
 ParOldGen       total 1356288K, used 763303K [0x0000000700000000, 0x0000000752c80000, 0x00000007aab00000)
  object space 1356288K, 56% used [0x0000000700000000,0x000000072e969cc8,0x0000000752c80000)
 Metaspace       used 97230K, committed 98880K, reserved 1179648K
  class space    used 9714K, committed 10496K, reserved 1048576K
}
Event: 84942.731 GC heap before
{Heap before GC invocations=5109 (full 7):
 PSYoungGen      total 3584K, used 3264K [0x00000007aab00000, 0x00000007ab080000, 0x0000000800000000)
  eden space 2048K, 100% used [0x00000007aab00000,0x00000007aad00000,0x00000007aad00000)
  from space 1536K, 79% used [0x00000007aad00000,0x00000007aae30000,0x00000007aae80000)
  to   space 1536K, 0% used [0x00000007aaf00000,0x00000007aaf00000,0x00000007ab080000)
 ParOldGen       total 1356288K, used 763303K [0x0000000700000000, 0x0000000752c80000, 0x00000007aab00000)
  object space 1356288K, 56% used [0x0000000700000000,0x000000072e969cc8,0x0000000752c80000)
 Metaspace       used 97230K, committed 98880K, reserved 1179648K
  class space    used 9714K, committed 10496K, reserved 1048576K
}
Event: 84942.742 GC heap after
{Heap after GC invocations=5109 (full 7):
 PSYoungGen      total 2048K, used 1536K [0x00000007aab00000, 0x00000007ab480000, 0x0000000800000000)
  eden space 512K, 0% used [0x00000007aab00000,0x00000007aab00000,0x00000007aab80000)
  from space 1536K, 100% used [0x00000007aaf00000,0x00000007ab080000,0x00000007ab080000)
  to   space 3584K, 0% used [0x00000007aab80000,0x00000007aab80000,0x00000007aaf00000)
 ParOldGen       total 1356288K, used 764633K [0x0000000700000000, 0x0000000752c80000, 0x00000007aab00000)
  object space 1356288K, 56% used [0x0000000700000000,0x000000072eab67a8,0x0000000752c80000)
 Metaspace       used 97230K, committed 98880K, reserved 1179648K
  class space    used 9714K, committed 10496K, reserved 1048576K
}
Event: 84942.747 GC heap before
{Heap before GC invocations=5110 (full 7):
 PSYoungGen      total 2048K, used 2047K [0x00000007aab00000, 0x00000007ab480000, 0x0000000800000000)
  eden space 512K, 99% used [0x00000007aab00000,0x00000007aab7fff8,0x00000007aab80000)
  from space 1536K, 100% used [0x00000007aaf00000,0x00000007ab080000,0x00000007ab080000)
  to   space 3584K, 0% used [0x00000007aab80000,0x00000007aab80000,0x00000007aaf00000)
 ParOldGen       total 1356288K, used 764633K [0x0000000700000000, 0x0000000752c80000, 0x00000007aab00000)
  object space 1356288K, 56% used [0x0000000700000000,0x000000072eab67a8,0x0000000752c80000)
 Metaspace       used 97230K, committed 98880K, reserved 1179648K
  class space    used 9714K, committed 10496K, reserved 1048576K
}
Event: 84942.756 GC heap after
{Heap after GC invocations=5110 (full 7):
 PSYoungGen      total 1536K, used 608K [0x00000007aab00000, 0x00000007aaf80000, 0x0000000800000000)
  eden space 512K, 0% used [0x00000007aab00000,0x00000007aab00000,0x00000007aab80000)
  from space 1024K, 59% used [0x00000007aab80000,0x00000007aac18000,0x00000007aac80000)
  to   space 1536K, 0% used [0x00000007aae00000,0x00000007aae00000,0x00000007aaf80000)
 ParOldGen       total 1356288K, used 766221K [0x0000000700000000, 0x0000000752c80000, 0x00000007aab00000)
  object space 1356288K, 56% used [0x0000000700000000,0x000000072ec43730,0x0000000752c80000)
 Metaspace       used 97230K, committed 98880K, reserved 1179648K
  class space    used 9714K, committed 10496K, reserved 1048576K
}

