# JRE version: OpenJDK Runtime Environment Temurin-21.0.8+9 (21.0.8+9) (build 21.0.8+9-LTS)
# Java VM: OpenJDK 64-Bit Server VM Temurin-21.0.8+9 (21.0.8+9-LTS, mixed mode, sharing, tiered, compressed oops, compressed class ptrs, parallel gc, windows-amd64)
GC Precious Log:
 CardTable entry size: 512
 CPUs: 8 total, 8 available
 Memory: 30597M
 Large Page Support: Disabled
 NUMA Support: Disabled
 Compressed Oops: Enabled (Zero based)
 Alignments: Space 512K, Generation 512K, Heap 2M
 Heap Min Capacity: 100M
 Heap Initial Capacity: 100M
 Heap Max Capacity: 4G
 Pre-touch: Disabled
 Parallel Workers: 8
Heap:
 PSYoungGen      total 11776K, used 11748K [0x00000007aab00000, 0x00000007ac100000, 0x0000000800000000)
  eden space 9216K, 100% used [0x00000007aab00000,0x00000007ab400000,0x00000007ab400000)
  from space 2560K, 98% used [0x00000007ab480000,0x00000007ab6f92a8,0x00000007ab700000)
  to   space 6656K, 27% used [0x00000007aba80000,0x00000007abc50020,0x00000007ac100000)
 ParOldGen       total 214528K, used 214186K [0x0000000700000000, 0x000000070d180000, 0x00000007aab00000)
  object space 214528K, 99% used [0x0000000700000000,0x000000070d12a928,0x000000070d180000)
 Metaspace       used 75088K, committed 76736K, reserved 1179648K
  class space    used 7780K, committed 8512K, reserved 1048576K
GC Heap History (20 events):
Event: 66.971 GC heap after
{Heap after GC invocations=115 (full 3):
 PSYoungGen      total 14336K, used 2800K [0x00000007aab00000, 0x00000007ac080000, 0x0000000800000000)
  eden space 11264K, 0% used [0x00000007aab00000,0x00000007aab00000,0x00000007ab600000)
  from space 3072K, 91% used [0x00000007abd80000,0x00000007ac03c258,0x00000007ac080000)
  to   space 3072K, 0% used [0x00000007aba80000,0x00000007aba80000,0x00000007abd80000)
 ParOldGen       total 187904K, used 187620K [0x0000000700000000, 0x000000070b780000, 0x00000007aab00000)
  object space 187904K, 99% used [0x0000000700000000,0x000000070b739248,0x000000070b780000)
 Metaspace       used 73834K, committed 75456K, reserved 1179648K
  class space    used 7758K, committed 8448K, reserved 1048576K
}
Event: 67.187 GC heap before
{Heap before GC invocations=116 (full 3):
 PSYoungGen      total 14336K, used 14064K [0x00000007aab00000, 0x00000007ac080000, 0x0000000800000000)
  eden space 11264K, 100% used [0x00000007aab00000,0x00000007ab600000,0x00000007ab600000)
  from space 3072K, 91% used [0x00000007abd80000,0x00000007ac03c258,0x00000007ac080000)
  to   space 3072K, 0% used [0x00000007aba80000,0x00000007aba80000,0x00000007abd80000)
 ParOldGen       total 187904K, used 187620K [0x0000000700000000, 0x000000070b780000, 0x00000007aab00000)
  object space 187904K, 99% used [0x0000000700000000,0x000000070b739248,0x000000070b780000)
 Metaspace       used 74051K, committed 75648K, reserved 1179648K
  class space    used 7768K, committed 8448K, reserved 1048576K
}
Event: 67.200 GC heap after
{Heap after GC invocations=116 (full 3):
 PSYoungGen      total 14336K, used 2945K [0x00000007aab00000, 0x00000007abe00000, 0x0000000800000000)
  eden space 11264K, 0% used [0x00000007aab00000,0x00000007aab00000,0x00000007ab600000)
  from space 3072K, 95% used [0x00000007aba80000,0x00000007abd60688,0x00000007abd80000)
  to   space 512K, 0% used [0x00000007abd80000,0x00000007abd80000,0x00000007abe00000)
 ParOldGen       total 190464K, used 190354K [0x0000000700000000, 0x000000070ba00000, 0x00000007aab00000)
  object space 190464K, 99% used [0x0000000700000000,0x000000070b9e4a30,0x000000070ba00000)
 Metaspace       used 74051K, committed 75648K, reserved 1179648K
  class space    used 7768K, committed 8448K, reserved 1048576K
}
Event: 67.453 GC heap before
{Heap before GC invocations=117 (full 3):
 PSYoungGen      total 14336K, used 14209K [0x00000007aab00000, 0x00000007abe00000, 0x0000000800000000)
  eden space 11264K, 100% used [0x00000007aab00000,0x00000007ab600000,0x00000007ab600000)
  from space 3072K, 95% used [0x00000007aba80000,0x00000007abd60688,0x00000007abd80000)
  to   space 512K, 0% used [0x00000007abd80000,0x00000007abd80000,0x00000007abe00000)
 ParOldGen       total 190464K, used 190354K [0x0000000700000000, 0x000000070ba00000, 0x00000007aab00000)
  object space 190464K, 99% used [0x0000000700000000,0x000000070b9e4a30,0x000000070ba00000)
 Metaspace       used 74320K, committed 75904K, reserved 1179648K
  class space    used 7770K, committed 8448K, reserved 1048576K
}
Event: 67.459 GC heap after
{Heap after GC invocations=117 (full 3):
 PSYoungGen      total 11776K, used 503K [0x00000007aab00000, 0x00000007ac300000, 0x0000000800000000)
  eden space 11264K, 0% used [0x00000007aab00000,0x00000007aab00000,0x00000007ab600000)
  from space 512K, 98% used [0x00000007abd80000,0x00000007abdfde50,0x00000007abe00000)
  to   space 6656K, 0% used [0x00000007ab600000,0x00000007ab600000,0x00000007abc80000)
 ParOldGen       total 196096K, used 195609K [0x0000000700000000, 0x000000070bf80000, 0x00000007aab00000)
  object space 196096K, 99% used [0x0000000700000000,0x000000070bf065e8,0x000000070bf80000)
 Metaspace       used 74320K, committed 75904K, reserved 1179648K
  class space    used 7770K, committed 8448K, reserved 1048576K
}
Event: 67.691 GC heap before
{Heap before GC invocations=118 (full 3):
 PSYoungGen      total 11776K, used 11767K [0x00000007aab00000, 0x00000007ac300000, 0x0000000800000000)
  eden space 11264K, 100% used [0x00000007aab00000,0x00000007ab600000,0x00000007ab600000)
  from space 512K, 98% used [0x00000007abd80000,0x00000007abdfde50,0x00000007abe00000)
  to   space 6656K, 0% used [0x00000007ab600000,0x00000007ab600000,0x00000007abc80000)
 ParOldGen       total 196096K, used 195609K [0x0000000700000000, 0x000000070bf80000, 0x00000007aab00000)
  object space 196096K, 99% used [0x0000000700000000,0x000000070bf065e8,0x000000070bf80000)
 Metaspace       used 74470K, committed 76160K, reserved 1179648K
  class space    used 7772K, committed 8512K, reserved 1048576K
}
Event: 67.697 GC heap after
{Heap after GC invocations=118 (full 3):
 PSYoungGen      total 14336K, used 2808K [0x00000007aab00000, 0x00000007abe00000, 0x0000000800000000)
  eden space 11264K, 0% used [0x00000007aab00000,0x00000007aab00000,0x00000007ab600000)
  from space 3072K, 91% used [0x00000007ab600000,0x00000007ab8be140,0x00000007ab900000)
  to   space 4096K, 0% used [0x00000007aba00000,0x00000007aba00000,0x00000007abe00000)
 ParOldGen       total 196608K, used 196163K [0x0000000700000000, 0x000000070c000000, 0x00000007aab00000)
  object space 196608K, 99% used [0x0000000700000000,0x000000070bf90cf0,0x000000070c000000)
 Metaspace       used 74470K, committed 76160K, reserved 1179648K
  class space    used 7772K, committed 8512K, reserved 1048576K
}
Event: 67.937 GC heap before
{Heap before GC invocations=119 (full 3):
 PSYoungGen      total 14336K, used 14072K [0x00000007aab00000, 0x00000007abe00000, 0x0000000800000000)
  eden space 11264K, 100% used [0x00000007aab00000,0x00000007ab600000,0x00000007ab600000)
  from space 3072K, 91% used [0x00000007ab600000,0x00000007ab8be140,0x00000007ab900000)
  to   space 4096K, 0% used [0x00000007aba00000,0x00000007aba00000,0x00000007abe00000)
 ParOldGen       total 196608K, used 196163K [0x0000000700000000, 0x000000070c000000, 0x00000007aab00000)
  object space 196608K, 99% used [0x0000000700000000,0x000000070bf90cf0,0x000000070c000000)
 Metaspace       used 74631K, committed 76288K, reserved 1179648K
  class space    used 7774K, committed 8512K, reserved 1048576K
}
Event: 67.944 GC heap after
{Heap after GC invocations=119 (full 3):
 PSYoungGen      total 14848K, used 3264K [0x00000007aab00000, 0x00000007abd80000, 0x0000000800000000)
  eden space 11264K, 0% used [0x00000007aab00000,0x00000007aab00000,0x00000007ab600000)
  from space 3584K, 91% used [0x00000007aba00000,0x00000007abd30268,0x00000007abd80000)
  to   space 3584K, 0% used [0x00000007ab680000,0x00000007ab680000,0x00000007aba00000)
 ParOldGen       total 199168K, used 198864K [0x0000000700000000, 0x000000070c280000, 0x00000007aab00000)
  object space 199168K, 99% used [0x0000000700000000,0x000000070c234000,0x000000070c280000)
 Metaspace       used 74631K, committed 76288K, reserved 1179648K
  class space    used 7774K, committed 8512K, reserved 1048576K
}
Event: 68.137 GC heap before
{Heap before GC invocations=120 (full 3):
 PSYoungGen      total 14848K, used 14528K [0x00000007aab00000, 0x00000007abd80000, 0x0000000800000000)
  eden space 11264K, 100% used [0x00000007aab00000,0x00000007ab600000,0x00000007ab600000)
  from space 3584K, 91% used [0x00000007aba00000,0x00000007abd30268,0x00000007abd80000)
  to   space 3584K, 0% used [0x00000007ab680000,0x00000007ab680000,0x00000007aba00000)
 ParOldGen       total 199168K, used 198864K [0x0000000700000000, 0x000000070c280000, 0x00000007aab00000)
  object space 199168K, 99% used [0x0000000700000000,0x000000070c234000,0x000000070c280000)
 Metaspace       used 74685K, committed 76352K, reserved 1179648K
  class space    used 7777K, committed 8512K, reserved 1048576K
}
Event: 68.144 GC heap after
{Heap after GC invocations=120 (full 3):
 PSYoungGen      total 14336K, used 2591K [0x00000007aab00000, 0x00000007abc00000, 0x0000000800000000)
  eden space 11264K, 0% used [0x00000007aab00000,0x00000007aab00000,0x00000007ab600000)
  from space 3072K, 84% used [0x00000007ab680000,0x00000007ab907fb0,0x00000007ab980000)
  to   space 2560K, 0% used [0x00000007ab980000,0x00000007ab980000,0x00000007abc00000)
 ParOldGen       total 202240K, used 202083K [0x0000000700000000, 0x000000070c580000, 0x00000007aab00000)
  object space 202240K, 99% used [0x0000000700000000,0x000000070c558c58,0x000000070c580000)
 Metaspace       used 74685K, committed 76352K, reserved 1179648K
  class space    used 7777K, committed 8512K, reserved 1048576K
}
Event: 68.603 GC heap before
{Heap before GC invocations=121 (full 3):
 PSYoungGen      total 14336K, used 13855K [0x00000007aab00000, 0x00000007abc00000, 0x0000000800000000)
  eden space 11264K, 100% used [0x00000007aab00000,0x00000007ab600000,0x00000007ab600000)
  from space 3072K, 84% used [0x00000007ab680000,0x00000007ab907fb0,0x00000007ab980000)
  to   space 2560K, 0% used [0x00000007ab980000,0x00000007ab980000,0x00000007abc00000)
 ParOldGen       total 202240K, used 202083K [0x0000000700000000, 0x000000070c580000, 0x00000007aab00000)
  object space 202240K, 99% used [0x0000000700000000,0x000000070c558c58,0x000000070c580000)
 Metaspace       used 74802K, committed 76416K, reserved 1179648K
  class space    used 7779K, committed 8512K, reserved 1048576K
}
Event: 68.608 GC heap after
{Heap after GC invocations=121 (full 3):
 PSYoungGen      total 11776K, used 2544K [0x00000007aab00000, 0x00000007ac100000, 0x0000000800000000)
  eden space 9216K, 0% used [0x00000007aab00000,0x00000007aab00000,0x00000007ab400000)
  from space 2560K, 99% used [0x00000007ab980000,0x00000007abbfc2a8,0x00000007abc00000)
  to   space 5632K, 0% used [0x00000007ab400000,0x00000007ab400000,0x00000007ab980000)
 ParOldGen       total 204800K, used 204562K [0x0000000700000000, 0x000000070c800000, 0x00000007aab00000)
  object space 204800K, 99% used [0x0000000700000000,0x000000070c7c4a50,0x000000070c800000)
 Metaspace       used 74802K, committed 76416K, reserved 1179648K
  class space    used 7779K, committed 8512K, reserved 1048576K
}
Event: 68.804 GC heap before
{Heap before GC invocations=122 (full 3):
 PSYoungGen      total 11776K, used 11760K [0x00000007aab00000, 0x00000007ac100000, 0x0000000800000000)
  eden space 9216K, 100% used [0x00000007aab00000,0x00000007ab400000,0x00000007ab400000)
  from space 2560K, 99% used [0x00000007ab980000,0x00000007abbfc2a8,0x00000007abc00000)
  to   space 5632K, 0% used [0x00000007ab400000,0x00000007ab400000,0x00000007ab980000)
 ParOldGen       total 204800K, used 204562K [0x0000000700000000, 0x000000070c800000, 0x00000007aab00000)
  object space 204800K, 99% used [0x0000000700000000,0x000000070c7c4a50,0x000000070c800000)
 Metaspace       used 74867K, committed 76480K, reserved 1179648K
  class space    used 7779K, committed 8512K, reserved 1048576K
}
Event: 68.808 GC heap after
{Heap after GC invocations=122 (full 3):
 PSYoungGen      total 11264K, used 1960K [0x00000007aab00000, 0x00000007abb00000, 0x0000000800000000)
  eden space 9216K, 0% used [0x00000007aab00000,0x00000007aab00000,0x00000007ab400000)
  from space 2048K, 95% used [0x00000007ab400000,0x00000007ab5ea200,0x00000007ab600000)
  to   space 3584K, 0% used [0x00000007ab780000,0x00000007ab780000,0x00000007abb00000)
 ParOldGen       total 207360K, used 207019K [0x0000000700000000, 0x000000070ca80000, 0x00000007aab00000)
  object space 207360K, 99% used [0x0000000700000000,0x000000070ca2af88,0x000000070ca80000)
 Metaspace       used 74867K, committed 76480K, reserved 1179648K
  class space    used 7779K, committed 8512K, reserved 1048576K
}
Event: 68.980 GC heap before
{Heap before GC invocations=123 (full 3):
 PSYoungGen      total 11264K, used 11176K [0x00000007aab00000, 0x00000007abb00000, 0x0000000800000000)
  eden space 9216K, 100% used [0x00000007aab00000,0x00000007ab400000,0x00000007ab400000)
  from space 2048K, 95% used [0x00000007ab400000,0x00000007ab5ea200,0x00000007ab600000)
  to   space 3584K, 0% used [0x00000007ab780000,0x00000007ab780000,0x00000007abb00000)
 ParOldGen       total 207360K, used 207019K [0x0000000700000000, 0x000000070ca80000, 0x00000007aab00000)
  object space 207360K, 99% used [0x0000000700000000,0x000000070ca2af88,0x000000070ca80000)
 Metaspace       used 74933K, committed 76544K, reserved 1179648K
  class space    used 7780K, committed 8512K, reserved 1048576K
}
Event: 68.985 GC heap after
{Heap after GC invocations=123 (full 3):
 PSYoungGen      total 11264K, used 1920K [0x00000007aab00000, 0x00000007ab980000, 0x0000000800000000)
  eden space 9216K, 0% used [0x00000007aab00000,0x00000007aab00000,0x00000007ab400000)
  from space 2048K, 93% used [0x00000007ab780000,0x00000007ab960030,0x00000007ab980000)
  to   space 2560K, 0% used [0x00000007ab480000,0x00000007ab480000,0x00000007ab700000)
 ParOldGen       total 208896K, used 208792K [0x0000000700000000, 0x000000070cc00000, 0x00000007aab00000)
  object space 208896K, 99% used [0x0000000700000000,0x000000070cbe6018,0x000000070cc00000)
 Metaspace       used 74933K, committed 76544K, reserved 1179648K
  class space    used 7780K, committed 8512K, reserved 1048576K
}
Event: 70.285 GC heap before
{Heap before GC invocations=124 (full 3):
 PSYoungGen      total 11264K, used 11136K [0x00000007aab00000, 0x00000007ab980000, 0x0000000800000000)
  eden space 9216K, 100% used [0x00000007aab00000,0x00000007ab400000,0x00000007ab400000)
  from space 2048K, 93% used [0x00000007ab780000,0x00000007ab960030,0x00000007ab980000)
  to   space 2560K, 0% used [0x00000007ab480000,0x00000007ab480000,0x00000007ab700000)
 ParOldGen       total 208896K, used 208792K [0x0000000700000000, 0x000000070cc00000, 0x00000007aab00000)
  object space 208896K, 99% used [0x0000000700000000,0x000000070cbe6018,0x000000070cc00000)
 Metaspace       used 75046K, committed 76736K, reserved 1179648K
  class space    used 7780K, committed 8512K, reserved 1048576K
}
Event: 70.288 GC heap after
{Heap after GC invocations=124 (full 3):
 PSYoungGen      total 11776K, used 2532K [0x00000007aab00000, 0x00000007ac100000, 0x0000000800000000)
  eden space 9216K, 0% used [0x00000007aab00000,0x00000007aab00000,0x00000007ab400000)
  from space 2560K, 98% used [0x00000007ab480000,0x00000007ab6f92a8,0x00000007ab700000)
  to   space 6656K, 0% used [0x00000007aba80000,0x00000007aba80000,0x00000007ac100000)
 ParOldGen       total 211968K, used 211792K [0x0000000700000000, 0x000000070cf00000, 0x00000007aab00000)
  object space 211968K, 99% used [0x0000000700000000,0x000000070ced4030,0x000000070cf00000)
 Metaspace       used 75046K, committed 76736K, reserved 1179648K
  class space    used 7780K, committed 8512K, reserved 1048576K
}
Event: 72.131 GC heap before
{Heap before GC invocations=125 (full 3):
 PSYoungGen      total 11776K, used 11748K [0x00000007aab00000, 0x00000007ac100000, 0x0000000800000000)
  eden space 9216K, 100% used [0x00000007aab00000,0x00000007ab400000,0x00000007ab400000)
  from space 2560K, 98% used [0x00000007ab480000,0x00000007ab6f92a8,0x00000007ab700000)
  to   space 6656K, 0% used [0x00000007aba80000,0x00000007aba80000,0x00000007ac100000)
 ParOldGen       total 211968K, used 211792K [0x0000000700000000, 0x000000070cf00000, 0x00000007aab00000)
  object space 211968K, 99% used [0x0000000700000000,0x000000070ced4030,0x000000070cf00000)
 Metaspace       used 75088K, committed 76736K, reserved 1179648K
  class space    used 7780K, committed 8512K, reserved 1048576K
}

