# JRE version: OpenJDK Runtime Environment Temurin-21.0.8+9 (21.0.8+9) (build 21.0.8+9-LTS)
# Java VM: OpenJDK 64-Bit Server VM Temurin-21.0.8+9 (21.0.8+9-LTS, mixed mode, sharing, tiered, compressed oops, compressed class ptrs, parallel gc, windows-amd64)
GC Precious Log:
 CardTable entry size: 512
 CPUs: 8 total, 8 available
 Memory: 30597M
 Large Page Support: Disabled
 NUMA Support: Disabled
 Compressed Oops: Enabled (Zero based)
 Alignments: Space 512K, Generation 512K, Heap 2M
 Heap Min Capacity: 100M
 Heap Initial Capacity: 100M
 Heap Max Capacity: 4G
 Pre-touch: Disabled
 Parallel Workers: 8
Heap:
 PSYoungGen      total 10752K, used 10720K [0x00000007aab00000, 0x00000007ab880000, 0x0000000800000000)
  eden space 8704K, 100% used [0x00000007aab00000,0x00000007ab380000,0x00000007ab380000)
  from space 2048K, 98% used [0x00000007ab680000,0x00000007ab878000,0x00000007ab880000)
  to   space 2560K, 99% used [0x00000007ab380000,0x00000007ab5fae20,0x00000007ab600000)
 ParOldGen       total 243200K, used 224386K [0x0000000700000000, 0x000000070ed80000, 0x00000007aab00000)
  object space 243200K, 92% used [0x0000000700000000,0x000000070db20990,0x000000070ed80000)
 Metaspace       used 100884K, committed 102720K, reserved 1179648K
  class space    used 9524K, committed 10432K, reserved 1048576K
GC Heap History (20 events):
Event: 49357.566 GC heap after
{Heap after GC invocations=15398 (full 11):
 PSYoungGen      total 10240K, used 3546K [0x00000007aab00000, 0x00000007aba00000, 0x0000000800000000)
  eden space 5632K, 0% used [0x00000007aab00000,0x00000007aab00000,0x00000007ab080000)
  from space 4608K, 76% used [0x00000007ab080000,0x00000007ab3f6ac8,0x00000007ab500000)
  to   space 4096K, 0% used [0x00000007ab600000,0x00000007ab600000,0x00000007aba00000)
 ParOldGen       total 2789376K, used 2789286K [0x0000000700000000, 0x00000007aa400000, 0x00000007aab00000)
  object space 2789376K, 99% used [0x0000000700000000,0x00000007aa3e9928,0x00000007aa400000)
 Metaspace       used 100916K, committed 102720K, reserved 1179648K
  class space    used 9533K, committed 10432K, reserved 1048576K
}
Event: 49357.617 GC heap before
{Heap before GC invocations=15399 (full 11):
 PSYoungGen      total 10240K, used 9178K [0x00000007aab00000, 0x00000007aba00000, 0x0000000800000000)
  eden space 5632K, 100% used [0x00000007aab00000,0x00000007ab080000,0x00000007ab080000)
  from space 4608K, 76% used [0x00000007ab080000,0x00000007ab3f6ac8,0x00000007ab500000)
  to   space 4096K, 0% used [0x00000007ab600000,0x00000007ab600000,0x00000007aba00000)
 ParOldGen       total 2789376K, used 2789286K [0x0000000700000000, 0x00000007aa400000, 0x00000007aab00000)
  object space 2789376K, 99% used [0x0000000700000000,0x00000007aa3e9928,0x00000007aa400000)
 Metaspace       used 100916K, committed 102720K, reserved 1179648K
  class space    used 9533K, committed 10432K, reserved 1048576K
}
Event: 49357.635 GC heap after
{Heap after GC invocations=15399 (full 11):
 PSYoungGen      total 10240K, used 2853K [0x00000007aab00000, 0x00000007ab900000, 0x0000000800000000)
  eden space 7168K, 0% used [0x00000007aab00000,0x00000007aab00000,0x00000007ab200000)
  from space 3072K, 92% used [0x00000007ab600000,0x00000007ab8c96c0,0x00000007ab900000)
  to   space 3584K, 0% used [0x00000007ab200000,0x00000007ab200000,0x00000007ab580000)
 ParOldGen       total 2792960K, used 2792685K [0x0000000700000000, 0x00000007aa780000, 0x00000007aab00000)
  object space 2792960K, 99% used [0x0000000700000000,0x00000007aa73b518,0x00000007aa780000)
 Metaspace       used 100916K, committed 102720K, reserved 1179648K
  class space    used 9533K, committed 10432K, reserved 1048576K
}
Event: 49357.661 GC heap before
{Heap before GC invocations=15400 (full 11):
 PSYoungGen      total 10240K, used 9907K [0x00000007aab00000, 0x00000007ab900000, 0x0000000800000000)
  eden space 7168K, 98% used [0x00000007aab00000,0x00000007ab1e37b8,0x00000007ab200000)
  from space 3072K, 92% used [0x00000007ab600000,0x00000007ab8c96c0,0x00000007ab900000)
  to   space 3584K, 0% used [0x00000007ab200000,0x00000007ab200000,0x00000007ab580000)
 ParOldGen       total 2792960K, used 2792685K [0x0000000700000000, 0x00000007aa780000, 0x00000007aab00000)
  object space 2792960K, 99% used [0x0000000700000000,0x00000007aa73b518,0x00000007aa780000)
 Metaspace       used 100916K, committed 102720K, reserved 1179648K
  class space    used 9533K, committed 10432K, reserved 1048576K
}
Event: 49357.674 GC heap after
{Heap after GC invocations=15400 (full 11):
 PSYoungGen      total 10752K, used 3560K [0x00000007aab00000, 0x00000007ac380000, 0x0000000800000000)
  eden space 7168K, 0% used [0x00000007aab00000,0x00000007aab00000,0x00000007ab200000)
  from space 3584K, 99% used [0x00000007ab200000,0x00000007ab57a000,0x00000007ab580000)
  to   space 8192K, 0% used [0x00000007abb80000,0x00000007abb80000,0x00000007ac380000)
 ParOldGen       total 2796544K, used 2796266K [0x0000000700000000, 0x00000007aab00000, 0x00000007aab00000)
  object space 2796544K, 99% used [0x0000000700000000,0x00000007aaaba990,0x00000007aab00000)
 Metaspace       used 100916K, committed 102720K, reserved 1179648K
  class space    used 9533K, committed 10432K, reserved 1048576K
}
Event: 49357.741 GC heap before
{Heap before GC invocations=15401 (full 12):
 PSYoungGen      total 10752K, used 10728K [0x00000007aab00000, 0x00000007ac380000, 0x0000000800000000)
  eden space 7168K, 100% used [0x00000007aab00000,0x00000007ab200000,0x00000007ab200000)
  from space 3584K, 99% used [0x00000007ab200000,0x00000007ab57a000,0x00000007ab580000)
  to   space 8192K, 0% used [0x00000007abb80000,0x00000007abb80000,0x00000007ac380000)
 ParOldGen       total 2796544K, used 2796266K [0x0000000700000000, 0x00000007aab00000, 0x00000007aab00000)
  object space 2796544K, 99% used [0x0000000700000000,0x00000007aaaba990,0x00000007aab00000)
 Metaspace       used 100916K, committed 102720K, reserved 1179648K
  class space    used 9533K, committed 10432K, reserved 1048576K
}
Event: 49358.816 GC heap after
{Heap after GC invocations=15401 (full 12):
 PSYoungGen      total 16896K, used 0K [0x00000007aab00000, 0x00000007ac380000, 0x0000000800000000)
  eden space 8704K, 0% used [0x00000007aab00000,0x00000007aab00000,0x00000007ab380000)
  from space 8192K, 0% used [0x00000007abb80000,0x00000007abb80000,0x00000007ac380000)
  to   space 8192K, 0% used [0x00000007ab380000,0x00000007ab380000,0x00000007abb80000)
 ParOldGen       total 243200K, used 212323K [0x0000000700000000, 0x000000070ed80000, 0x00000007aab00000)
  object space 243200K, 87% used [0x0000000700000000,0x000000070cf58e58,0x000000070ed80000)
 Metaspace       used 100884K, committed 102720K, reserved 1179648K
  class space    used 9524K, committed 10432K, reserved 1048576K
}
Event: 49358.914 GC heap before
{Heap before GC invocations=15402 (full 12):
 PSYoungGen      total 16896K, used 8704K [0x00000007aab00000, 0x00000007ac380000, 0x0000000800000000)
  eden space 8704K, 100% used [0x00000007aab00000,0x00000007ab380000,0x00000007ab380000)
  from space 8192K, 0% used [0x00000007abb80000,0x00000007abb80000,0x00000007ac380000)
  to   space 8192K, 0% used [0x00000007ab380000,0x00000007ab380000,0x00000007abb80000)
 ParOldGen       total 243200K, used 212323K [0x0000000700000000, 0x000000070ed80000, 0x00000007aab00000)
  object space 243200K, 87% used [0x0000000700000000,0x000000070cf58e58,0x000000070ed80000)
 Metaspace       used 100884K, committed 102720K, reserved 1179648K
  class space    used 9524K, committed 10432K, reserved 1048576K
}
Event: 49358.919 GC heap after
{Heap after GC invocations=15402 (full 12):
 PSYoungGen      total 10752K, used 1840K [0x00000007aab00000, 0x00000007abd80000, 0x0000000800000000)
  eden space 8704K, 0% used [0x00000007aab00000,0x00000007aab00000,0x00000007ab380000)
  from space 2048K, 89% used [0x00000007ab380000,0x00000007ab54c010,0x00000007ab580000)
  to   space 4096K, 0% used [0x00000007ab980000,0x00000007ab980000,0x00000007abd80000)
 ParOldGen       total 243200K, used 212323K [0x0000000700000000, 0x000000070ed80000, 0x00000007aab00000)
  object space 243200K, 87% used [0x0000000700000000,0x000000070cf58e58,0x000000070ed80000)
 Metaspace       used 100884K, committed 102720K, reserved 1179648K
  class space    used 9524K, committed 10432K, reserved 1048576K
}
Event: 49358.981 GC heap before
{Heap before GC invocations=15403 (full 12):
 PSYoungGen      total 10752K, used 10544K [0x00000007aab00000, 0x00000007abd80000, 0x0000000800000000)
  eden space 8704K, 100% used [0x00000007aab00000,0x00000007ab380000,0x00000007ab380000)
  from space 2048K, 89% used [0x00000007ab380000,0x00000007ab54c010,0x00000007ab580000)
  to   space 4096K, 0% used [0x00000007ab980000,0x00000007ab980000,0x00000007abd80000)
 ParOldGen       total 243200K, used 212323K [0x0000000700000000, 0x000000070ed80000, 0x00000007aab00000)
  object space 243200K, 87% used [0x0000000700000000,0x000000070cf58e58,0x000000070ed80000)
 Metaspace       used 100884K, committed 102720K, reserved 1179648K
  class space    used 9524K, committed 10432K, reserved 1048576K
}
Event: 49358.986 GC heap after
{Heap after GC invocations=15403 (full 12):
 PSYoungGen      total 12288K, used 3090K [0x00000007aab00000, 0x00000007abd00000, 0x0000000800000000)
  eden space 8704K, 0% used [0x00000007aab00000,0x00000007aab00000,0x00000007ab380000)
  from space 3584K, 86% used [0x00000007ab980000,0x00000007abc849f0,0x00000007abd00000)
  to   space 3584K, 0% used [0x00000007ab600000,0x00000007ab600000,0x00000007ab980000)
 ParOldGen       total 243200K, used 213569K [0x0000000700000000, 0x000000070ed80000, 0x00000007aab00000)
  object space 243200K, 87% used [0x0000000700000000,0x000000070d090488,0x000000070ed80000)
 Metaspace       used 100884K, committed 102720K, reserved 1179648K
  class space    used 9524K, committed 10432K, reserved 1048576K
}
Event: 49359.676 GC heap before
{Heap before GC invocations=15404 (full 12):
 PSYoungGen      total 12288K, used 11750K [0x00000007aab00000, 0x00000007abd00000, 0x0000000800000000)
  eden space 8704K, 99% used [0x00000007aab00000,0x00000007ab375118,0x00000007ab380000)
  from space 3584K, 86% used [0x00000007ab980000,0x00000007abc849f0,0x00000007abd00000)
  to   space 3584K, 0% used [0x00000007ab600000,0x00000007ab600000,0x00000007ab980000)
 ParOldGen       total 243200K, used 213569K [0x0000000700000000, 0x000000070ed80000, 0x00000007aab00000)
  object space 243200K, 87% used [0x0000000700000000,0x000000070d090488,0x000000070ed80000)
 Metaspace       used 100884K, committed 102720K, reserved 1179648K
  class space    used 9524K, committed 10432K, reserved 1048576K
}
Event: 49359.679 GC heap after
{Heap after GC invocations=15404 (full 12):
 PSYoungGen      total 10752K, used 1635K [0x00000007aab00000, 0x00000007aba00000, 0x0000000800000000)
  eden space 8704K, 0% used [0x00000007aab00000,0x00000007aab00000,0x00000007ab380000)
  from space 2048K, 79% used [0x00000007ab600000,0x00000007ab798d70,0x00000007ab800000)
  to   space 2048K, 0% used [0x00000007ab800000,0x00000007ab800000,0x00000007aba00000)
 ParOldGen       total 243200K, used 214273K [0x0000000700000000, 0x000000070ed80000, 0x00000007aab00000)
  object space 243200K, 88% used [0x0000000700000000,0x000000070d140498,0x000000070ed80000)
 Metaspace       used 100884K, committed 102720K, reserved 1179648K
  class space    used 9524K, committed 10432K, reserved 1048576K
}
Event: 49359.760 GC heap before
{Heap before GC invocations=15405 (full 12):
 PSYoungGen      total 10752K, used 10339K [0x00000007aab00000, 0x00000007aba00000, 0x0000000800000000)
  eden space 8704K, 99% used [0x00000007aab00000,0x00000007ab37ffe8,0x00000007ab380000)
  from space 2048K, 79% used [0x00000007ab600000,0x00000007ab798d70,0x00000007ab800000)
  to   space 2048K, 0% used [0x00000007ab800000,0x00000007ab800000,0x00000007aba00000)
 ParOldGen       total 243200K, used 214273K [0x0000000700000000, 0x000000070ed80000, 0x00000007aab00000)
  object space 243200K, 88% used [0x0000000700000000,0x000000070d140498,0x000000070ed80000)
 Metaspace       used 100884K, committed 102720K, reserved 1179648K
  class space    used 9524K, committed 10432K, reserved 1048576K
}
Event: 49359.765 GC heap after
{Heap after GC invocations=15405 (full 12):
 PSYoungGen      total 10752K, used 2038K [0x00000007aab00000, 0x00000007abc80000, 0x0000000800000000)
  eden space 8704K, 0% used [0x00000007aab00000,0x00000007aab00000,0x00000007ab380000)
  from space 2048K, 99% used [0x00000007ab800000,0x00000007ab9fd948,0x00000007aba00000)
  to   space 4608K, 0% used [0x00000007ab380000,0x00000007ab380000,0x00000007ab800000)
 ParOldGen       total 243200K, used 216345K [0x0000000700000000, 0x000000070ed80000, 0x00000007aab00000)
  object space 243200K, 88% used [0x0000000700000000,0x000000070d346748,0x000000070ed80000)
 Metaspace       used 100884K, committed 102720K, reserved 1179648K
  class space    used 9524K, committed 10432K, reserved 1048576K
}
Event: 49359.818 GC heap before
{Heap before GC invocations=15406 (full 12):
 PSYoungGen      total 10752K, used 10742K [0x00000007aab00000, 0x00000007abc80000, 0x0000000800000000)
  eden space 8704K, 100% used [0x00000007aab00000,0x00000007ab380000,0x00000007ab380000)
  from space 2048K, 99% used [0x00000007ab800000,0x00000007ab9fd948,0x00000007aba00000)
  to   space 4608K, 0% used [0x00000007ab380000,0x00000007ab380000,0x00000007ab800000)
 ParOldGen       total 243200K, used 216345K [0x0000000700000000, 0x000000070ed80000, 0x00000007aab00000)
  object space 243200K, 88% used [0x0000000700000000,0x000000070d346748,0x000000070ed80000)
 Metaspace       used 100884K, committed 102720K, reserved 1179648K
  class space    used 9524K, committed 10432K, reserved 1048576K
}
Event: 49359.824 GC heap after
{Heap after GC invocations=15406 (full 12):
 PSYoungGen      total 11264K, used 2448K [0x00000007aab00000, 0x00000007ab980000, 0x0000000800000000)
  eden space 8704K, 0% used [0x00000007aab00000,0x00000007aab00000,0x00000007ab380000)
  from space 2560K, 95% used [0x00000007ab380000,0x00000007ab5e4010,0x00000007ab600000)
  to   space 3072K, 0% used [0x00000007ab680000,0x00000007ab680000,0x00000007ab980000)
 ParOldGen       total 243200K, used 218341K [0x0000000700000000, 0x000000070ed80000, 0x00000007aab00000)
  object space 243200K, 89% used [0x0000000700000000,0x000000070d539770,0x000000070ed80000)
 Metaspace       used 100884K, committed 102720K, reserved 1179648K
  class space    used 9524K, committed 10432K, reserved 1048576K
}
Event: 49359.867 GC heap before
{Heap before GC invocations=15407 (full 12):
 PSYoungGen      total 11264K, used 11152K [0x00000007aab00000, 0x00000007ab980000, 0x0000000800000000)
  eden space 8704K, 100% used [0x00000007aab00000,0x00000007ab380000,0x00000007ab380000)
  from space 2560K, 95% used [0x00000007ab380000,0x00000007ab5e4010,0x00000007ab600000)
  to   space 3072K, 0% used [0x00000007ab680000,0x00000007ab680000,0x00000007ab980000)
 ParOldGen       total 243200K, used 218341K [0x0000000700000000, 0x000000070ed80000, 0x00000007aab00000)
  object space 243200K, 89% used [0x0000000700000000,0x000000070d539770,0x000000070ed80000)
 Metaspace       used 100884K, committed 102720K, reserved 1179648K
  class space    used 9524K, committed 10432K, reserved 1048576K
}
Event: 49359.874 GC heap after
{Heap after GC invocations=15407 (full 12):
 PSYoungGen      total 10752K, used 2016K [0x00000007aab00000, 0x00000007ab880000, 0x0000000800000000)
  eden space 8704K, 0% used [0x00000007aab00000,0x00000007aab00000,0x00000007ab380000)
  from space 2048K, 98% used [0x00000007ab680000,0x00000007ab878000,0x00000007ab880000)
  to   space 2560K, 0% used [0x00000007ab380000,0x00000007ab380000,0x00000007ab600000)
 ParOldGen       total 243200K, used 220633K [0x0000000700000000, 0x000000070ed80000, 0x00000007aab00000)
  object space 243200K, 90% used [0x0000000700000000,0x000000070d776578,0x000000070ed80000)
 Metaspace       used 100884K, committed 102720K, reserved 1179648K
  class space    used 9524K, committed 10432K, reserved 1048576K
}
Event: 49391.500 GC heap before
{Heap before GC invocations=15408 (full 12):
 PSYoungGen      total 10752K, used 10720K [0x00000007aab00000, 0x00000007ab880000, 0x0000000800000000)
  eden space 8704K, 100% used [0x00000007aab00000,0x00000007ab380000,0x00000007ab380000)
  from space 2048K, 98% used [0x00000007ab680000,0x00000007ab878000,0x00000007ab880000)
  to   space 2560K, 0% used [0x00000007ab380000,0x00000007ab380000,0x00000007ab600000)
 ParOldGen       total 243200K, used 220633K [0x0000000700000000, 0x000000070ed80000, 0x00000007aab00000)
  object space 243200K, 90% used [0x0000000700000000,0x000000070d776578,0x000000070ed80000)
 Metaspace       used 100884K, committed 102720K, reserved 1179648K
  class space    used 9524K, committed 10432K, reserved 1048576K
}

