<?xml version="1.0" encoding="UTF-8"?>
<testsuite xmlns:xsi="http://www.w3.org/2001/XMLSchema-instance" xsi:noNamespaceSchemaLocation="https://maven.apache.org/surefire/maven-surefire-plugin/xsd/surefire-test-report-3.0.xsd" version="3.0" name="com.bpa4j.util.ExcelUtilsTest" time="0.0" tests="1" errors="0" skipped="1" failures="0">
  <properties>
[...]
</properties>
  <testcase name="test" classname="com.bpa4j.util.ExcelUtilsTest" time="0.0">
    <skipped message="void com.bpa4j.util.ExcelUtilsTest.test() throws java.io.IOException,java.lang.InterruptedException,java.lang.IllegalAccessException is @Disabled"/>
  </testcase>
</testsuite>